The class does not exist: <Primordial,Lorg/w3c/dom/traversal/NodeIterator>
The class does not exist: <Primordial,Lorg/w3c/dom/ls/LSSerializerFilter>
The class does not exist: <Primordial,Lcom/android/internal/util/AsyncChannel>
The class does not exist: <Primordial,Lcom/android/internal/util/AsyncChannel>
The class does not exist: <Primordial,Lorg/w3c/dom/traversal/NodeIterator>
The class does not exist: <Primordial,Lorg/w3c/dom/traversal/NodeIterator>
The class does not exist: <Primordial,Lorg/w3c/dom/traversal/NodeIterator>
The class does not exist: <Primordial,Lorg/w3c/dom/traversal/NodeFilter>
The class does not exist: <Primordial,Ljavax/sip/address/Address>
The class does not exist: <Primordial,Ljavax/sip/address/Address>
The class does not exist: <Primordial,Ljavax/sip/address/SipURI>
The class does not exist: <Primordial,Landroid/util/LocalLog>
The class does not exist: <Primordial,Lcom/android/internal/net/LegacyVpnInfo>
The class does not exist: <Primordial,Lcom/android/internal/net/VpnConfig>
The class does not exist: <Primordial,Lorg/w3c/dom/traversal/NodeFilter>
The class does not exist: <Primordial,Lorg/w3c/dom/traversal/NodeIterator>
The class does not exist: <Primordial,Lorg/w3c/dom/ls/LSSerializerFilter>
The class does not exist: <Primordial,Lorg/w3c/dom/traversal/NodeIterator>
The class does not exist: <Primordial,Lorg/w3c/dom/traversal/NodeIterator>
The class does not exist: <Primordial,Lcom/android/org/conscrypt/OpenSSLSocketImpl>
The class does not exist: <Primordial,Lcom/android/internal/util/AsyncChannel>
The class does not exist: <Primordial,Lcom/android/internal/util/AsyncChannel>
The class does not exist: <Primordial,Lcom/android/internal/telephony/PhoneConstants$DataState>
The class does not exist: <Primordial,Lcom/android/internal/telephony/PhoneConstants$DataState>
The class does not exist: <Primordial,Lorg/w3c/dom/traversal/NodeIterator>
The class does not exist: <Primordial,Lorg/w3c/dom/traversal/NodeIterator>
The class does not exist: <Primordial,Lorg/w3c/dom/traversal/NodeIterator>
The class does not exist: <Primordial,Lcom/android/internal/util/AsyncChannel>
The class does not exist: <Primordial,Lcom/android/internal/util/StateMachine>
The class does not exist: <Primordial,Landroid/net/wifi/p2p/WifiP2pService$P2pStateMachine>
The class does not exist: <Primordial,Lcom/android/internal/util/AsyncChannel>
The class does not exist: <Primordial,Lcom/android/internal/util/AsyncChannel>
The class does not exist: <Primordial,Lcom/android/internal/util/AsyncChannel>
The class does not exist: <Primordial,Landroid/net/DhcpStateMachine>
The class does not exist: <Primordial,Landroid/net/DhcpStateMachine>
